<?xml version="1.0" encoding="UTF-8" ?>
<testsuite tests="24" failures="0" name="testRunner.TestRunnerPostComment" time="0.032" errors="0" skipped="0">
  <properties>
[...]
</properties>
  <testcase classname="| 0 |" name="Given user navigates to the gurukula application" time="0.004"/>
  <testcase classname="| 0 |" name="When he log-in to the application" time="0"/>
  <testcase classname="| 0 |" name="Then he add the branch to the application &quot;0&quot;" time="0"/>
  <testcase classname="| 0 |" name="And he can edit the branch details &quot;0&quot;" time="0"/>
  <testcase classname="| 0 |" name="And he can delete the branch" time="0"/>
  <testcase classname="| 0 |" name="| 0 |" time="0.017"/>
  <testcase classname="| 1 |" name="Given user navigates to the gurukula application" time="0"/>
  <testcase classname="| 1 |" name="When he log-in to the application" time="0"/>
  <testcase classname="| 1 |" name="Then he add the branch to the application &quot;1&quot;" time="0"/>
  <testcase classname="| 1 |" name="And he can edit the branch details &quot;1&quot;" time="0"/>
  <testcase classname="| 1 |" name="And he can delete the branch" time="0"/>
  <testcase classname="| 1 |" name="| 1 |" time="0.003"/>
  <testcase classname="| 2 |" name="Given user navigates to the gurukula application" time="0"/>
  <testcase classname="| 2 |" name="When he log-in to the application" time="0"/>
  <testcase classname="| 2 |" name="Then he add the branch to the application &quot;2&quot;" time="0"/>
  <testcase classname="| 2 |" name="And he can edit the branch details &quot;2&quot;" time="0"/>
  <testcase classname="| 2 |" name="And he can delete the branch" time="0"/>
  <testcase classname="| 2 |" name="| 2 |" time="0.004"/>
  <testcase classname="| 3 |" name="Given user navigates to the gurukula application" time="0"/>
  <testcase classname="| 3 |" name="When he log-in to the application" time="0"/>
  <testcase classname="| 3 |" name="Then he add the branch to the application &quot;3&quot;" time="0"/>
  <testcase classname="| 3 |" name="And he can edit the branch details &quot;3&quot;" time="0"/>
  <testcase classname="| 3 |" name="And he can delete the branch" time="0"/>
  <testcase classname="| 3 |" name="| 3 |" time="0.004"/>
</testsuite>